<?xml version="1.0" encoding="UTF-8"?>
<!-- Generated by org.testng.reporters.JUnitReportReporter -->
<testsuite skipped="0" hostname="LAPTOP-99IORVV9" name="com.w2a.testcases.LoginTest" tests="1" failures="0" timestamp="2022-08-10T22:16:05 MSK" time="3.448" errors="0">
  <testcase name="loginTest" time="3.448" classname="com.w2a.testcases.LoginTest"/>
  <system-out>
    <![CDATA[click to see Screenshot
<a target="_blank" href=Wed_Aug_10_22_16_05_MSK_2022.jpg>Screenshot</a>
<br>
<a target="_blank" href=Wed_Aug_10_22_16_05_MSK_2022.jpg><img scr=Wed_Aug_10_22_16_05_MSK_2022.jpgheight=200 width=200></img></a>]]>
  </system-out>
</testsuite> <!-- com.w2a.testcases.LoginTest -->
