<?xml version="1.0" encoding="UTF-8"?>
<!-- Generated by org.testng.reporters.JUnitReportReporter -->
<testsuite skipped="0" hostname="LAPTOP-99IORVV9" name="com.w2a.testcases.LoginTest" tests="1" failures="0" timestamp="2022-07-19T00:51:00 MSK" time="3.266" errors="0">
  <testcase name="loginTest" time="3.266" classname="com.w2a.testcases.LoginTest"/>
  <system-out>
    <![CDATA[click to see Screenshot
<a target="_blank" href=Tue_Jul_19_00_50_59_MSK_2022.jpg>Screenshot</a>
<br>
<a target="_blank" href=Tue_Jul_19_00_50_59_MSK_2022.jpg><img scr=Tue_Jul_19_00_50_59_MSK_2022.jpgheight=200 width=200></img></a>]]>
  </system-out>
</testsuite> <!-- com.w2a.testcases.LoginTest -->
